INFO: [VRFC 10-2263] Analyzing SystemVerilog file "D:/tiny_riscv/core/vivado/single_cycle_verif/single_cycle_verif.srcs/sources_1/imports/single_cycle/hardware_module/adder.sv" into library xil_defaultlib
INFO: [VRFC 10-311] analyzing module adder
INFO: [VRFC 10-2263] Analyzing SystemVerilog file "D:/tiny_riscv/core/vivado/single_cycle_verif/single_cycle_verif.srcs/sources_1/imports/single_cycle/hardware_module/alu.sv" into library xil_defaultlib
INFO: [VRFC 10-311] analyzing module ALU
INFO: [VRFC 10-2263] Analyzing SystemVerilog file "D:/tiny_riscv/core/vivado/single_cycle_verif/single_cycle_verif.srcs/sources_1/imports/single_cycle/hardware_module/alu_decoder.sv" into library xil_defaultlib
INFO: [VRFC 10-311] analyzing module alu_decoder
INFO: [VRFC 10-2263] Analyzing SystemVerilog file "D:/tiny_riscv/core/vivado/single_cycle_verif/single_cycle_verif.srcs/sources_1/imports/single_cycle/hardware_module/control_unit_single_cyc.sv" into library xil_defaultlib
INFO: [VRFC 10-311] analyzing module control_unit
INFO: [VRFC 10-2263] Analyzing SystemVerilog file "D:/tiny_riscv/core/vivado/single_cycle_verif/single_cycle_verif.srcs/sources_1/imports/single_cycle/hardware_module/data_mem.sv" into library xil_defaultlib
INFO: [VRFC 10-311] analyzing module data_mem
INFO: [VRFC 10-2263] Analyzing SystemVerilog file "D:/tiny_riscv/core/vivado/single_cycle_verif/single_cycle_verif.srcs/sources_1/imports/single_cycle/hardware_module/imm_extend.sv" into library xil_defaultlib
INFO: [VRFC 10-311] analyzing module imm_extend
INFO: [VRFC 10-2263] Analyzing SystemVerilog file "D:/tiny_riscv/core/vivado/single_cycle_verif/single_cycle_verif.srcs/sources_1/imports/single_cycle/hardware_module/instr_mem.sv" into library xil_defaultlib
INFO: [VRFC 10-311] analyzing module instruction_mem
INFO: [VRFC 10-2263] Analyzing SystemVerilog file "D:/tiny_riscv/core/vivado/single_cycle_verif/single_cycle_verif.srcs/sources_1/imports/single_cycle/hardware_module/main_decoder.sv" into library xil_defaultlib
INFO: [VRFC 10-311] analyzing module main_decoder
INFO: [VRFC 10-2263] Analyzing SystemVerilog file "D:/tiny_riscv/core/vivado/single_cycle_verif/single_cycle_verif.srcs/sources_1/imports/single_cycle/hardware_module/pc_ff.sv" into library xil_defaultlib
INFO: [VRFC 10-311] analyzing module PC_ff
INFO: [VRFC 10-2263] Analyzing SystemVerilog file "D:/tiny_riscv/core/vivado/single_cycle_verif/single_cycle_verif.srcs/sources_1/imports/single_cycle/hardware_module/reg_file.sv" into library xil_defaultlib
INFO: [VRFC 10-311] analyzing module register_file
INFO: [VRFC 10-2263] Analyzing SystemVerilog file "D:/tiny_riscv/core/vivado/single_cycle_verif/single_cycle_verif.srcs/sources_1/imports/single_cycle/single_cycle.sv" into library xil_defaultlib
INFO: [VRFC 10-311] analyzing module single_cycle_riscv
INFO: [VRFC 10-2263] Analyzing SystemVerilog file "D:/tiny_riscv/core/vivado/single_cycle_verif/single_cycle_verif.srcs/sim_1/imports/single_cycle/signal_cycle_verification.sv" into library xil_defaultlib
INFO: [VRFC 10-311] analyzing module testbench
